D:\phpstudy_pro\WWW\Vue3-ts\src\mock\menu.ts
    1:32  error  Replace `'@/constant/aside-menu'` with `"@/constant/aside-menu"`              prettier/prettier
    8:8   error  Replace `'@/components/auth'` with `"@/components/auth"`                      prettier/prettier
   13:20  error  Replace `'权限管理'` with `"权限管理"`                                                prettier/prettier
   15:20  error  Replace `''` with `""`                                                        prettier/prettier
   16:22  error  Replace `''` with `""`                                                        prettier/prettier
   20:24  error  Replace `'角色列表'` with `"角色列表"`                                                prettier/prettier
   22:24  error  Replace `'/admin/role/lists'` with `"/admin/role/lists"`                      prettier/prettier
   23:26  error  Replace `'/api/v1/listRole'` with `"/api/v1/listRole"`                        prettier/prettier
   27:28  error  Replace `'角色添加'` with `"角色添加"`                                                prettier/prettier
   29:28  error  Replace `'/admin/role/add'` with `"/admin/role/add"`                          prettier/prettier
   30:30  error  Replace `'/api/v1/addRole'` with `"/api/v1/addRole"`                          prettier/prettier
   34:28  error  Replace `'角色修改'` with `"角色修改"`                                                prettier/prettier
   36:28  error  Replace `'/admin/role/update'` with `"/admin/role/update"`                    prettier/prettier
   37:30  error  Replace `'/api/v1/updateRole'` with `"/api/v1/updateRole"`                    prettier/prettier
   41:28  error  Replace `'角色删除'` with `"角色删除"`                                                prettier/prettier
   43:28  error  Replace `'/admin/role/delete'` with `"/admin/role/delete"`                    prettier/prettier
   44:30  error  Replace `'/api/v1/deleteRole'` with `"/api/v1/deleteRole"`                    prettier/prettier
   48:28  error  Replace `'角色查询'` with `"角色查询"`                                                prettier/prettier
   50:28  error  Replace `'/admin/role/query'` with `"/admin/role/query"`                      prettier/prettier
   51:30  error  Replace `'/api/v1/queryRole'` with `"/api/v1/queryRole"`                      prettier/prettier
   57:24  error  Replace `'用户列表'` with `"用户列表"`                                                prettier/prettier
   59:24  error  Replace `'/admin/user/lists'` with `"/admin/user/lists"`                      prettier/prettier
   60:26  error  Replace `'/api/v1/listUser'` with `"/api/v1/listUser"`                        prettier/prettier
   64:28  error  Replace `'用户添加'` with `"用户添加"`                                                prettier/prettier
   66:28  error  Replace `'/admin/user/add'` with `"/admin/user/add"`                          prettier/prettier
   67:30  error  Replace `'/api/v1/addUser'` with `"/api/v1/addUser"`                          prettier/prettier
   71:28  error  Replace `'用户修改'` with `"用户修改"`                                                prettier/prettier
   73:28  error  Replace `'/admin/user/update'` with `"/admin/user/update"`                    prettier/prettier
   74:30  error  Replace `'/api/v1/updateUser'` with `"/api/v1/updateUser"`                    prettier/prettier
   78:28  error  Replace `'用户删除'` with `"用户删除"`                                                prettier/prettier
   80:28  error  Replace `'/admin/user/delete'` with `"/admin/user/delete"`                    prettier/prettier
   81:30  error  Replace `'/api/v1/deleteUser'` with `"/api/v1/deleteUser"`                    prettier/prettier
   85:28  error  Replace `'用户查询'` with `"用户查询"`                                                prettier/prettier
   87:28  error  Replace `'/admin/user/query'` with `"/admin/user/query"`                      prettier/prettier
   88:30  error  Replace `'/api/v1/queryUser'` with `"/api/v1/queryUser"`                      prettier/prettier
   94:24  error  Replace `'权限列表'` with `"权限列表"`                                                prettier/prettier
   96:24  error  Replace `'/admin/auth/lists'` with `"/admin/auth/lists"`                      prettier/prettier
   97:26  error  Replace `'/api/v1/listAuth'` with `"/api/v1/listAuth"`                        prettier/prettier
  102:28  error  Replace `'权限添加'` with `"权限添加"`                                                prettier/prettier
  104:28  error  Replace `'/admin/auth/add'` with `"/admin/auth/add"`                          prettier/prettier
  105:30  error  Replace `'/api/v1/addAuth'` with `"/api/v1/addAuth"`                          prettier/prettier
  110:28  error  Replace `'权限修改'` with `"权限修改"`                                                prettier/prettier
  112:28  error  Replace `'/admin/auth/update'` with `"/admin/auth/update"`                    prettier/prettier
  113:30  error  Replace `'/api/v1/updateAuth'` with `"/api/v1/updateAuth"`                    prettier/prettier
  118:28  error  Replace `'权限删除'` with `"权限删除"`                                                prettier/prettier
  120:28  error  Replace `'/admin/auth/delete'` with `"/admin/auth/delete"`                    prettier/prettier
  121:30  error  Replace `'/api/v1/deleteAuth'` with `"/api/v1/deleteAuth"`                    prettier/prettier
  126:28  error  Replace `'权限查询'` with `"权限查询"`                                                prettier/prettier
  128:28  error  Replace `'/admin/auth/query'` with `"/admin/auth/query"`                      prettier/prettier
  129:30  error  Replace `'/v1/queryAuth'` with `"/v1/queryAuth"`                              prettier/prettier
  138:20  error  Replace `'系统管理'` with `"系统管理"`                                                prettier/prettier
  140:20  error  Replace `''` with `""`                                                        prettier/prettier
  141:22  error  Replace `''` with `""`                                                        prettier/prettier
  145:24  error  Replace `'日志列表'` with `"日志列表"`                                                prettier/prettier
  147:24  error  Replace `'/admin/system-log/lists'` with `"/admin/system-log/lists"`          prettier/prettier
  148:26  error  Replace `'/api/v1/listSystemLog'` with `"/api/v1/listSystemLog"`              prettier/prettier
  152:28  error  Replace `'日志添加'` with `"日志添加"`                                                prettier/prettier
  154:28  error  Replace `'/admin/system-log/add'` with `"/admin/system-log/add"`              prettier/prettier
  155:30  error  Replace `'/api/v1/addSystemLog'` with `"/api/v1/addSystemLog"`                prettier/prettier
  159:28  error  Replace `'日志修改'` with `"日志修改"`                                                prettier/prettier
  161:28  error  Replace `'/admin/system-log/update'` with `"/admin/system-log/update"`        prettier/prettier
  162:30  error  Replace `'/api/v1/updateSystemLog'` with `"/api/v1/updateSystemLog"`          prettier/prettier
  166:28  error  Replace `'日志删除'` with `"日志删除"`                                                prettier/prettier
  168:28  error  Replace `'/admin/system-log/delete'` with `"/admin/system-log/delete"`        prettier/prettier
  169:30  error  Replace `'/api/v1/deleteSystemLog'` with `"/api/v1/deleteSystemLog"`          prettier/prettier
  173:28  error  Replace `'日志查询'` with `"日志查询"`                                                prettier/prettier
  175:28  error  Replace `'/admin/system-log/query'` with `"/admin/system-log/query"`          prettier/prettier
  176:30  error  Replace `'/api/v1/querySystemLog'` with `"/api/v1/querySystemLog"`            prettier/prettier
  182:24  error  Replace `'配置列表'` with `"配置列表"`                                                prettier/prettier
  184:24  error  Replace `'/admin/system-config/lists'` with `"/admin/system-config/lists"`    prettier/prettier
  185:26  error  Replace `'/api/v1/listSystemConfig'` with `"/api/v1/listSystemConfig"`        prettier/prettier
  189:28  error  Replace `'配置添加'` with `"配置添加"`                                                prettier/prettier
  191:28  error  Replace `'/admin/system-config/add'` with `"/admin/system-config/add"`        prettier/prettier
  192:30  error  Replace `'/api/v1/addSystemConfig'` with `"/api/v1/addSystemConfig"`          prettier/prettier
  196:28  error  Replace `'配置修改'` with `"配置修改"`                                                prettier/prettier
  198:28  error  Replace `'/admin/system-config/update'` with `"/admin/system-config/update"`  prettier/prettier
  199:30  error  Replace `'/api/v1/updateSystemConfig'` with `"/api/v1/updateSystemConfig"`    prettier/prettier
  203:28  error  Replace `'配置删除'` with `"配置删除"`                                                prettier/prettier
  205:28  error  Replace `'/admin/system-log/delete'` with `"/admin/system-log/delete"`        prettier/prettier
  206:30  error  Replace `'/api/v1/deleteSystemConfig'` with `"/api/v1/deleteSystemConfig"`    prettier/prettier
  210:28  error  Replace `'配置查询'` with `"配置查询"`                                                prettier/prettier
  212:28  error  Replace `'/admin/system-config/query'` with `"/admin/system-config/query"`    prettier/prettier
  213:30  error  Replace `'/api/v1/querySystemConfig'` with `"/api/v1/querySystemConfig"`      prettier/prettier

✖ 83 problems (83 errors, 0 warnings)
  83 errors and 0 warnings potentially fixable with the `--fix` option.
