[error] src/htdocs/sinclude/wxpay/core/mmpayerrheader.html: SyntaxError: Unexpected closing tag "li". It may happen when the tag has already been closed by another tag. For more info see https://www.w3.org/TR/html5/syntax.html#closing-elements-that-have-implied-end-tags (22:9)
[error] src/module/application/errors/error_404.ts: SyntaxError: '>' expected. (2:11)
[error] src/module/application/errors/error_db.ts: SyntaxError: '>' expected. (2:11)
[error] src/module/application/errors/error_general.ts: SyntaxError: '>' expected. (2:11)
[error] src/module/application/errors/error_php.ts: SyntaxError: '>' expected. (2:6)
[error] src/module/application/libraries/svrkit/mmpaygitgateway/mmpay_comm/service_export_gen/wxpay/aggr_risk/comm/proto/mmpayxaggr_mmpayriskaggr.ts: SyntaxError: Hexadecimal digit expected. (527:27)
[error] src/module/application/libraries/third/PHPExcel/Calculation/DateTime.ts: SyntaxError: ';' expected. (511:31)
[error] src/module/application/libraries/third/PHPExcel/Reader/Excel5.ts: SyntaxError: Identifier expected. (212:7)
[error] src/module/application/libraries/third/PHPExcel/Writer/Excel5.ts: SyntaxError: Identifier expected. (378:10)
[error] src/module/application/views/errors/cli/error_exception.ts: SyntaxError: Unexpected keyword or identifier. (7:1)
[error] src/module/application/views/errors/cli/error_php.ts: SyntaxError: Unexpected keyword or identifier. (6:1)
[error] src/module/application/views/errors/html/error_404.ts: SyntaxError: '>' expected. (2:11)
[error] src/module/application/views/errors/html/error_db.ts: SyntaxError: '>' expected. (2:11)
[error] src/module/application/views/errors/html/error_exception.ts: SyntaxError: '>' expected. (7:6)
[error] src/module/application/views/errors/html/error_general.ts: SyntaxError: '>' expected. (2:11)
[error] src/module/application/views/html/vpage_bill_download_bill_page_download.html: SyntaxError: Opening tag "script" not terminated. (16:4)
[error] src/system/ci-system-v3/core/compat/standard.ts: SyntaxError: Octal escape sequences are not allowed. Use the syntax '\x0d'. (354:29)
[error] src/system/ci-system-v3/core/Output.ts: SyntaxError: ')' expected. (323:15)
[error] src/system/ci-system-v3/core/Security.ts: SyntaxError: Octal escape sequences are not allowed. Use the syntax '\x22'. (212:81)
[error] src/system/ci-system-v3/helpers/date_helper.ts: SyntaxError: Octal escape sequences are not allowed. Use the syntax '\x20'. (449:27)
[error] src/system/ci-system-v3/helpers/file_helper.ts: SyntaxError: ')' expected. (103:63)
[error] src/system/ci-system-v3/helpers/inflector_helper.ts: SyntaxError: Octal escape sequences are not allowed. Use the syntax '\x01'. (73:40)
[error] src/system/ci-system-v3/libraries/Tencent/auth.cm.com.php/index.ts: SyntaxError: '>' expected. (4:11)
[error] src/system/ci-system-v3/libraries/Xmlrpc.ts: SyntaxError: ')' expected. (301:64)
[error] src/system/ci-system-v3/libraries/Xmlrpcs.ts: SyntaxError: ')' expected. (418:28)
[error] src/system/ci-system-v3/libraries/Zip.ts: SyntaxError: ')' expected. (217:86)
[error] src/system/soa-idl/mchdoworkflowao_php5_stub.ts: SyntaxError: Hexadecimal digit expected. (2526:74)
[error] src/system/soa-idl/mchdoworkflowao_php5_xxoo.ts: SyntaxError: Hexadecimal digit expected. (626:32)
[error] src/system/soa-proto/php2proto/userdefine/Parent_page_bill_download_7ea6fd5d.ts: SyntaxError: '>' expected. (386:7)
[error] src/system/soa-proto/php2proto/userdefine/Parent_page_bill_download_d93b0ad7.ts: SyntaxError: '>' expected. (142:7)
[error] src/system/soa-proto/php2proto/userdefine/User_page_bill_download_d93b0ad7.ts: SyntaxError: Hexadecimal digit expected. (46:20)
[error] src/htdocs/sinclude/wxpay/core/mmpayerrheader.html: SyntaxError: Unexpected closing tag "li". It may happen when the tag has already been closed by another tag. For more info see https://www.w3.org/TR/html5/syntax.html#closing-elements-that-have-implied-end-tags (22:9)
[error] src/module/application/errors/error_404.ts: SyntaxError: '>' expected. (2:11)
[error] src/module/application/errors/error_db.ts: SyntaxError: '>' expected. (2:11)
[error] src/module/application/errors/error_general.ts: SyntaxError: '>' expected. (2:11)
[error] src/module/application/errors/error_php.ts: SyntaxError: '>' expected. (2:6)
[error] src/module/application/libraries/svrkit/mmpaygitgateway/mmpay_comm/service_export_gen/wxpay/aggr_risk/comm/proto/mmpayxaggr_mmpayriskaggr.ts: SyntaxError: Hexadecimal digit expected. (527:27)
[error] src/module/application/libraries/third/PHPExcel/Calculation/DateTime.ts: SyntaxError: ';' expected. (511:31)
[error] src/module/application/libraries/third/PHPExcel/Reader/Excel5.ts: SyntaxError: Identifier expected. (212:7)
[error] src/module/application/libraries/third/PHPExcel/Writer/Excel5.ts: SyntaxError: Identifier expected. (378:10)
[error] src/module/application/views/errors/cli/error_exception.ts: SyntaxError: Unexpected keyword or identifier. (7:1)
[error] src/module/application/views/errors/cli/error_php.ts: SyntaxError: Unexpected keyword or identifier. (6:1)
[error] src/module/application/views/errors/html/error_404.ts: SyntaxError: '>' expected. (2:11)
[error] src/module/application/views/errors/html/error_db.ts: SyntaxError: '>' expected. (2:11)
[error] src/module/application/views/errors/html/error_exception.ts: SyntaxError: '>' expected. (7:6)
[error] src/module/application/views/errors/html/error_general.ts: SyntaxError: '>' expected. (2:11)
[error] src/module/application/views/html/vpage_bill_download_bill_page_download.html: SyntaxError: Opening tag "script" not terminated. (16:4)
[error] src/system/ci-system-v3/core/compat/standard.ts: SyntaxError: Octal escape sequences are not allowed. Use the syntax '\x0d'. (354:29)
[error] src/system/ci-system-v3/core/Output.ts: SyntaxError: ')' expected. (323:15)
[error] src/system/ci-system-v3/core/Security.ts: SyntaxError: Octal escape sequences are not allowed. Use the syntax '\x22'. (212:81)
[error] src/system/ci-system-v3/helpers/date_helper.ts: SyntaxError: Octal escape sequences are not allowed. Use the syntax '\x20'. (449:27)
[error] src/system/ci-system-v3/helpers/file_helper.ts: SyntaxError: ')' expected. (103:63)
[error] src/system/ci-system-v3/helpers/inflector_helper.ts: SyntaxError: Octal escape sequences are not allowed. Use the syntax '\x01'. (73:40)
[error] src/system/ci-system-v3/libraries/Tencent/auth.cm.com.php/index.ts: SyntaxError: '>' expected. (4:11)
[error] src/system/ci-system-v3/libraries/Xmlrpc.ts: SyntaxError: ')' expected. (301:64)
[error] src/system/ci-system-v3/libraries/Xmlrpcs.ts: SyntaxError: ')' expected. (418:28)
[error] src/system/ci-system-v3/libraries/Zip.ts: SyntaxError: ')' expected. (217:86)
[error] src/system/soa-idl/mchdoworkflowao_php5_stub.ts: SyntaxError: Hexadecimal digit expected. (2526:74)
[error] src/system/soa-idl/mchdoworkflowao_php5_xxoo.ts: SyntaxError: Hexadecimal digit expected. (626:32)
[error] src/system/soa-proto/php2proto/userdefine/Parent_page_bill_download_7ea6fd5d.ts: SyntaxError: '>' expected. (386:7)
[error] src/system/soa-proto/php2proto/userdefine/Parent_page_bill_download_d93b0ad7.ts: SyntaxError: '>' expected. (142:7)
[error] src/system/soa-proto/php2proto/userdefine/User_page_bill_download_d93b0ad7.ts: SyntaxError: Hexadecimal digit expected. (46:20)
[error] src/htdocs/sinclude/wxpay/core/mmpayerrheader.html: SyntaxError: Unexpected closing tag "li". It may happen when the tag has already been closed by another tag. For more info see https://www.w3.org/TR/html5/syntax.html#closing-elements-that-have-implied-end-tags (22:9)
[error] src/module/application/errors/error_404.ts: SyntaxError: '>' expected. (2:11)
[error] src/module/application/errors/error_db.ts: SyntaxError: '>' expected. (2:11)
[error] src/module/application/errors/error_general.ts: SyntaxError: '>' expected. (2:11)
[error] src/module/application/errors/error_php.ts: SyntaxError: '>' expected. (2:6)
[error] src/module/application/libraries/svrkit/mmpaygitgateway/mmpay_comm/service_export_gen/wxpay/aggr_risk/comm/proto/mmpayxaggr_mmpayriskaggr.ts: SyntaxError: Hexadecimal digit expected. (527:27)
[error] src/module/application/libraries/third/PHPExcel/Calculation/DateTime.ts: SyntaxError: ';' expected. (511:31)
[error] src/module/application/libraries/third/PHPExcel/Reader/Excel5.ts: SyntaxError: Identifier expected. (212:7)
[error] src/module/application/libraries/third/PHPExcel/Writer/Excel5.ts: SyntaxError: Identifier expected. (378:10)
[error] src/module/application/views/errors/cli/error_exception.ts: SyntaxError: Unexpected keyword or identifier. (7:1)
[error] src/module/application/views/errors/cli/error_php.ts: SyntaxError: Unexpected keyword or identifier. (6:1)
[error] src/module/application/views/errors/html/error_404.ts: SyntaxError: '>' expected. (2:11)
[error] src/module/application/views/errors/html/error_db.ts: SyntaxError: '>' expected. (2:11)
[error] src/module/application/views/errors/html/error_exception.ts: SyntaxError: '>' expected. (7:6)
[error] src/module/application/views/errors/html/error_general.ts: SyntaxError: '>' expected. (2:11)
[error] src/module/application/views/html/vpage_bill_download_bill_page_download.html: SyntaxError: Opening tag "script" not terminated. (16:4)
[error] src/system/ci-system-v3/core/compat/standard.ts: SyntaxError: Octal escape sequences are not allowed. Use the syntax '\x0d'. (354:29)
[error] src/system/ci-system-v3/core/Output.ts: SyntaxError: ')' expected. (323:15)
[error] src/system/ci-system-v3/core/Security.ts: SyntaxError: Octal escape sequences are not allowed. Use the syntax '\x22'. (212:81)
[error] src/system/ci-system-v3/helpers/date_helper.ts: SyntaxError: Octal escape sequences are not allowed. Use the syntax '\x20'. (449:27)
[error] src/system/ci-system-v3/helpers/file_helper.ts: SyntaxError: ')' expected. (103:63)
[error] src/system/ci-system-v3/helpers/inflector_helper.ts: SyntaxError: Octal escape sequences are not allowed. Use the syntax '\x01'. (73:40)
[error] src/system/ci-system-v3/libraries/Tencent/auth.cm.com.php/index.ts: SyntaxError: '>' expected. (4:11)
[error] src/system/ci-system-v3/libraries/Xmlrpc.ts: SyntaxError: ')' expected. (301:64)
[error] src/system/ci-system-v3/libraries/Xmlrpcs.ts: SyntaxError: ')' expected. (418:28)
[error] src/system/ci-system-v3/libraries/Zip.ts: SyntaxError: ')' expected. (217:86)
[error] src/system/soa-idl/mchdoworkflowao_php5_stub.ts: SyntaxError: Hexadecimal digit expected. (2526:74)
[error] src/system/soa-idl/mchdoworkflowao_php5_xxoo.ts: SyntaxError: Hexadecimal digit expected. (626:32)
[error] src/system/soa-proto/php2proto/userdefine/Parent_page_bill_download_7ea6fd5d.ts: SyntaxError: '>' expected. (386:7)
[error] src/system/soa-proto/php2proto/userdefine/Parent_page_bill_download_d93b0ad7.ts: SyntaxError: '>' expected. (142:7)
[error] src/system/soa-proto/php2proto/userdefine/User_page_bill_download_d93b0ad7.ts: SyntaxError: Hexadecimal digit expected. (46:20)
